<?xml version="1.0" encoding="UTF-8"?>
<!-- Generated by org.testng.reporters.JUnitReportReporter -->
<testsuite hostname="DESKTOP-2IDJD0K" failures="0" tests="2" name="LMS.ForgortPass" time="2.583" errors="0" timestamp="2023-01-24T23:28:43 IST" skipped="0">
  <testcase classname="LMS.ForgortPass" name="title" time="0.041"/>
  <system-out/>
  <testcase classname="LMS.ForgortPass" name="fpass" time="2.542"/>
  <system-out/>
</testsuite> <!-- LMS.ForgortPass -->
