<?xml version="1.0" encoding="UTF-8"?>
<!-- Generated by org.testng.reporters.JUnitReportReporter -->
<testsuite hostname="DESKTOP-2IDJD0K" failures="0" tests="6" name="LMS.GetUpdates" time="13.705" errors="0" timestamp="2023-01-25T21:56:13 IST" skipped="0">
  <testcase classname="LMS.GetUpdates" name="title" time="0.038"/>
  <system-out/>
  <testcase classname="LMS.GetUpdates" name="verifyusernamevisibleornot" time="0.206"/>
  <system-out/>
  <testcase classname="LMS.GetUpdates" name="verifypasswordvisibleornot" time="0.093"/>
  <system-out/>
  <testcase classname="LMS.GetUpdates" name="username" time="12.161"/>
  <system-out/>
  <testcase classname="LMS.GetUpdates" name="subscribe" time="0.613"/>
  <system-out/>
  <testcase classname="LMS.GetUpdates" name="Getupdate" time="0.594"/>
  <system-out/>
</testsuite> <!-- LMS.GetUpdates -->
