<?xml version="1.0" encoding="UTF-8"?>
<!-- Generated by org.testng.reporters.JUnitReportReporter -->
<testsuite hostname="DESKTOP-2IDJD0K" failures="1" tests="9" name="LMS.LoginLMS" time="13.106" errors="0" timestamp="2023-01-24T23:11:04 IST" skipped="4">
  <testcase classname="LMS.LoginLMS" name="title" time="0.029"/>
  <system-out/>
  <testcase classname="LMS.LoginLMS" name="verifyusernamevisibleornot" time="0.275"/>
  <system-out/>
  <testcase classname="LMS.LoginLMS" name="verifypasswordvisibleornot" time="0.090"/>
  <system-out/>
  <testcase classname="LMS.LoginLMS" name="username" time="12.484"/>
  <system-out/>
  <testcase classname="LMS.LoginLMS" name="message" time="0.228">
    <failure message="expected [true] but found [false]" type="java.lang.AssertionError">
      <![CDATA[java.lang.AssertionError: expected [true] but found [false]
at org.testng.Assert.fail(Assert.java:99)
at org.testng.Assert.failNotEquals(Assert.java:1037)
at org.testng.Assert.assertTrue(Assert.java:45)
at org.testng.Assert.assertTrue(Assert.java:55)
at LMS.LoginLMS.message(LoginLMS.java:107)
at java.base/jdk.internal.reflect.NativeMethodAccessorImpl.invoke0(Native Method)
at java.base/jdk.internal.reflect.NativeMethodAccessorImpl.invoke(NativeMethodAccessorImpl.java:77)
at java.base/jdk.internal.reflect.DelegatingMethodAccessorImpl.invoke(DelegatingMethodAccessorImpl.java:43)
at java.base/java.lang.reflect.Method.invoke(Method.java:568)
at org.testng.internal.MethodInvocationHelper.invokeMethod(MethodInvocationHelper.java:133)
at org.testng.internal.TestInvoker.invokeMethod(TestInvoker.java:598)
at org.testng.internal.TestInvoker.invokeTestMethod(TestInvoker.java:173)
at org.testng.internal.MethodRunner.runInSequence(MethodRunner.java:46)
at org.testng.internal.TestInvoker$MethodInvocationAgent.invoke(TestInvoker.java:824)
at org.testng.internal.TestInvoker.invokeTestMethods(TestInvoker.java:146)
at org.testng.internal.TestMethodWorker.invokeTestMethods(TestMethodWorker.java:146)
at org.testng.internal.TestMethodWorker.run(TestMethodWorker.java:128)
at java.base/java.util.ArrayList.forEach(ArrayList.java:1511)
at org.testng.TestRunner.privateRun(TestRunner.java:794)
at org.testng.TestRunner.run(TestRunner.java:596)
at org.testng.SuiteRunner.runTest(SuiteRunner.java:377)
at org.testng.SuiteRunner.runSequentially(SuiteRunner.java:371)
at org.testng.SuiteRunner.privateRun(SuiteRunner.java:332)
at org.testng.SuiteRunner.run(SuiteRunner.java:276)
at org.testng.SuiteRunnerWorker.runSuite(SuiteRunnerWorker.java:53)
at org.testng.SuiteRunnerWorker.run(SuiteRunnerWorker.java:96)
at org.testng.TestNG.runSuitesSequentially(TestNG.java:1212)
at org.testng.TestNG.runSuitesLocally(TestNG.java:1134)
at org.testng.TestNG.runSuites(TestNG.java:1063)
at org.testng.TestNG.run(TestNG.java:1031)
at org.testng.remote.AbstractRemoteTestNG.run(AbstractRemoteTestNG.java:115)
at org.testng.remote.RemoteTestNG.initAndRun(RemoteTestNG.java:251)
at org.testng.remote.RemoteTestNG.main(RemoteTestNG.java:77)
]]>
    </failure>
  </testcase> <!-- message -->
  <system-out/>
  <testcase classname="LMS.LoginLMS" name="apk">
    <skipped/>
  </testcase> <!-- apk -->
  <system-out/>
  <testcase classname="LMS.LoginLMS" name="email">
    <skipped/>
  </testcase> <!-- email -->
  <system-out/>
  <testcase classname="LMS.LoginLMS" name="playlist">
    <skipped/>
  </testcase> <!-- playlist -->
  <system-out/>
  <testcase classname="LMS.LoginLMS" name="footer">
    <skipped/>
  </testcase> <!-- footer -->
  <system-out/>
</testsuite> <!-- LMS.LoginLMS -->
