<?xml version="1.0" encoding="UTF-8"?>
<!-- Generated by org.testng.reporters.JUnitReportReporter -->
<testsuite hostname="DESKTOP-2IDJD0K" failures="0" tests="7" name="LMS.ResetPass" time="27.706" errors="0" timestamp="2023-01-25T21:43:35 IST" skipped="0">
  <testcase classname="LMS.ResetPass" name="title" time="0.040"/>
  <system-out/>
  <testcase classname="LMS.ResetPass" name="verifyusernamevisibleornot" time="0.246"/>
  <system-out/>
  <testcase classname="LMS.ResetPass" name="verifypasswordvisibleornot" time="0.241"/>
  <system-out/>
  <testcase classname="LMS.ResetPass" name="username" time="12.915"/>
  <system-out/>
  <testcase classname="LMS.ResetPass" name="Getupdate" time="0.594"/>
  <system-out/>
  <testcase classname="LMS.ResetPass" name="rpass" time="3.331"/>
  <system-out/>
  <testcase classname="LMS.ResetPass" name="resetpass" time="10.339"/>
  <system-out/>
</testsuite> <!-- LMS.ResetPass -->
